# JRE version: Java(TM) SE Runtime Environment (8.0_221-b11) (build 1.8.0_221-b11)
# Java VM: Java HotSpot(TM) 64-Bit Server VM (25.221-b11 mixed mode windows-amd64 compressed oops)
Heap:
 PSYoungGen      total 159744K, used 113479K [0x00000000ed900000, 0x00000000fb580000, 0x0000000100000000)
  eden space 148992K, 68% used [0x00000000ed900000,0x00000000f3d59758,0x00000000f6a80000)
  from space 10752K, 99% used [0x00000000f6a80000,0x00000000f74f86b8,0x00000000f7500000)
  to   space 14336K, 0% used [0x00000000fa780000,0x00000000fa780000,0x00000000fb580000)
 ParOldGen       total 45568K, used 20680K [0x00000000c8a00000, 0x00000000cb680000, 0x00000000ed900000)
  object space 45568K, 45% used [0x00000000c8a00000,0x00000000c9e320e8,0x00000000cb680000)
 Metaspace       used 55972K, capacity 58392K, committed 58544K, reserved 1099776K
  class space    used 7628K, capacity 8052K, committed 8112K, reserved 1048576K
GC Heap History (10 events):
Event: 4.546 GC heap before
{Heap before GC invocations=9 (full 1):
 PSYoungGen      total 65024K, used 58368K [0x00000000ed900000, 0x00000000f5800000, 0x0000000100000000)
  eden space 58368K, 100% used [0x00000000ed900000,0x00000000f1200000,0x00000000f1200000)
  from space 6656K, 0% used [0x00000000f1200000,0x00000000f1200000,0x00000000f1880000)
  to   space 6656K, 0% used [0x00000000f5180000,0x00000000f5180000,0x00000000f5800000)
 ParOldGen       total 29184K, used 7771K [0x00000000c8a00000, 0x00000000ca680000, 0x00000000ed900000)
  object space 29184K, 26% used [0x00000000c8a00000,0x00000000c9196e20,0x00000000ca680000)
 Metaspace       used 23311K, capacity 24034K, committed 24240K, reserved 1071104K
  class space    used 2981K, capacity 3167K, committed 3248K, reserved 1048576K
Event: 4.553 GC heap after
Heap after GC invocations=9 (full 1):
 PSYoungGen      total 107520K, used 3381K [0x00000000ed900000, 0x00000000f5500000, 0x0000000100000000)
  eden space 103936K, 0% used [0x00000000ed900000,0x00000000ed900000,0x00000000f3e80000)
  from space 3584K, 94% used [0x00000000f5180000,0x00000000f54cd460,0x00000000f5500000)
  to   space 6656K, 0% used [0x00000000f4800000,0x00000000f4800000,0x00000000f4e80000)
 ParOldGen       total 29184K, used 7771K [0x00000000c8a00000, 0x00000000ca680000, 0x00000000ed900000)
  object space 29184K, 26% used [0x00000000c8a00000,0x00000000c9196e20,0x00000000ca680000)
 Metaspace       used 23311K, capacity 24034K, committed 24240K, reserved 1071104K
  class space    used 2981K, capacity 3167K, committed 3248K, reserved 1048576K
}
Event: 9.016 GC heap before
{Heap before GC invocations=10 (full 1):
 PSYoungGen      total 107520K, used 107317K [0x00000000ed900000, 0x00000000f5500000, 0x0000000100000000)
  eden space 103936K, 100% used [0x00000000ed900000,0x00000000f3e80000,0x00000000f3e80000)
  from space 3584K, 94% used [0x00000000f5180000,0x00000000f54cd460,0x00000000f5500000)
  to   space 6656K, 0% used [0x00000000f4800000,0x00000000f4800000,0x00000000f4e80000)
 ParOldGen       total 29184K, used 7771K [0x00000000c8a00000, 0x00000000ca680000, 0x00000000ed900000)
  object space 29184K, 26% used [0x00000000c8a00000,0x00000000c9196e20,0x00000000ca680000)
 Metaspace       used 31286K, capacity 32888K, committed 33072K, reserved 1077248K
  class space    used 4072K, capacity 4352K, committed 4400K, reserved 1048576K
Event: 9.038 GC heap after
Heap after GC invocations=10 (full 1):
 PSYoungGen      total 120320K, used 6624K [0x00000000ed900000, 0x00000000f7e80000, 0x0000000100000000)
  eden space 113664K, 0% used [0x00000000ed900000,0x00000000ed900000,0x00000000f4800000)
  from space 6656K, 99% used [0x00000000f4800000,0x00000000f4e78020,0x00000000f4e80000)
  to   space 9728K, 0% used [0x00000000f7500000,0x00000000f7500000,0x00000000f7e80000)
 ParOldGen       total 29184K, used 14009K [0x00000000c8a00000, 0x00000000ca680000, 0x00000000ed900000)
  object space 29184K, 48% used [0x00000000c8a00000,0x00000000c97ae5d0,0x00000000ca680000)
 Metaspace       used 31286K, capacity 32888K, committed 33072K, reserved 1077248K
  class space    used 4072K, capacity 4352K, committed 4400K, reserved 1048576K
}
Event: 10.183 GC heap before
{Heap before GC invocations=11 (full 1):
 PSYoungGen      total 120320K, used 66886K [0x00000000ed900000, 0x00000000f7e80000, 0x0000000100000000)
  eden space 113664K, 53% used [0x00000000ed900000,0x00000000f13d97f8,0x00000000f4800000)
  from space 6656K, 99% used [0x00000000f4800000,0x00000000f4e78020,0x00000000f4e80000)
  to   space 9728K, 0% used [0x00000000f7500000,0x00000000f7500000,0x00000000f7e80000)
 ParOldGen       total 29184K, used 14009K [0x00000000c8a00000, 0x00000000ca680000, 0x00000000ed900000)
  object space 29184K, 48% used [0x00000000c8a00000,0x00000000c97ae5d0,0x00000000ca680000)
 Metaspace       used 33818K, capacity 35408K, committed 35496K, reserved 1081344K
  class space    used 4340K, capacity 4626K, committed 4656K, reserved 1048576K
Event: 10.200 GC heap after
Heap after GC invocations=11 (full 1):
 PSYoungGen      total 158720K, used 8901K [0x00000000ed900000, 0x00000000f8c00000, 0x0000000100000000)
  eden space 148992K, 0% used [0x00000000ed900000,0x00000000ed900000,0x00000000f6a80000)
  from space 9728K, 91% used [0x00000000f7500000,0x00000000f7db14f8,0x00000000f7e80000)
  to   space 10752K, 0% used [0x00000000f6a80000,0x00000000f6a80000,0x00000000f7500000)
 ParOldGen       total 29184K, used 15185K [0x00000000c8a00000, 0x00000000ca680000, 0x00000000ed900000)
  object space 29184K, 52% used [0x00000000c8a00000,0x00000000c98d45e0,0x00000000ca680000)
 Metaspace       used 33818K, capacity 35408K, committed 35496K, reserved 1081344K
  class space    used 4340K, capacity 4626K, committed 4656K, reserved 1048576K
}
Event: 10.200 GC heap before
{Heap before GC invocations=12 (full 2):
 PSYoungGen      total 158720K, used 8901K [0x00000000ed900000, 0x00000000f8c00000, 0x0000000100000000)
  eden space 148992K, 0% used [0x00000000ed900000,0x00000000ed900000,0x00000000f6a80000)
  from space 9728K, 91% used [0x00000000f7500000,0x00000000f7db14f8,0x00000000f7e80000)
  to   space 10752K, 0% used [0x00000000f6a80000,0x00000000f6a80000,0x00000000f7500000)
 ParOldGen       total 29184K, used 15185K [0x00000000c8a00000, 0x00000000ca680000, 0x00000000ed900000)
  object space 29184K, 52% used [0x00000000c8a00000,0x00000000c98d45e0,0x00000000ca680000)
 Metaspace       used 33818K, capacity 35408K, committed 35496K, reserved 1081344K
  class space    used 4340K, capacity 4626K, committed 4656K, reserved 1048576K
Event: 10.391 GC heap after
Heap after GC invocations=12 (full 2):
 PSYoungGen      total 158720K, used 0K [0x00000000ed900000, 0x00000000f8c00000, 0x0000000100000000)
  eden space 148992K, 0% used [0x00000000ed900000,0x00000000ed900000,0x00000000f6a80000)
  from space 9728K, 0% used [0x00000000f7500000,0x00000000f7500000,0x00000000f7e80000)
  to   space 10752K, 0% used [0x00000000f6a80000,0x00000000f6a80000,0x00000000f7500000)
 ParOldGen       total 45568K, used 14932K [0x00000000c8a00000, 0x00000000cb680000, 0x00000000ed900000)
  object space 45568K, 32% used [0x00000000c8a00000,0x00000000c9895150,0x00000000cb680000)
 Metaspace       used 33818K, capacity 35408K, committed 35496K, reserved 1081344K
  class space    used 4340K, capacity 4626K, committed 4656K, reserved 1048576K
}
Event: 24.719 GC heap before
{Heap before GC invocations=13 (full 2):
 PSYoungGen      total 158720K, used 148992K [0x00000000ed900000, 0x00000000f8c00000, 0x0000000100000000)
  eden space 148992K, 100% used [0x00000000ed900000,0x00000000f6a80000,0x00000000f6a80000)
  from space 9728K, 0% used [0x00000000f7500000,0x00000000f7500000,0x00000000f7e80000)
  to   space 10752K, 0% used [0x00000000f6a80000,0x00000000f6a80000,0x00000000f7500000)
 ParOldGen       total 45568K, used 14932K [0x00000000c8a00000, 0x00000000cb680000, 0x00000000ed900000)
  object space 45568K, 32% used [0x00000000c8a00000,0x00000000c9895150,0x00000000cb680000)
 Metaspace       used 48583K, capacity 50346K, committed 50736K, reserved 1093632K
  class space    used 6505K, capacity 6847K, committed 6960K, reserved 1048576K
Event: 24.776 GC heap after
Heap after GC invocations=13 (full 2):
 PSYoungGen      total 159744K, used 10721K [0x00000000ed900000, 0x00000000fb580000, 0x0000000100000000)
  eden space 148992K, 0% used [0x00000000ed900000,0x00000000ed900000,0x00000000f6a80000)
  from space 10752K, 99% used [0x00000000f6a80000,0x00000000f74f86b8,0x00000000f7500000)
  to   space 14336K, 0% used [0x00000000fa780000,0x00000000fa780000,0x00000000fb580000)
 ParOldGen       total 45568K, used 20680K [0x00000000c8a00000, 0x00000000cb680000, 0x00000000ed900000)
  object space 45568K, 45% used [0x00000000c8a00000,0x00000000c9e320e8,0x00000000cb680000)
 Metaspace       used 48583K, capacity 50346K, committed 50736K, reserved 1093632K
  class space    used 6505K, capacity 6847K, committed 6960K, reserved 1048576K
}

